<?xml version="1.0" encoding="UTF-8"?>
<testsuite xmlns:xsi="http://www.w3.org/2001/XMLSchema-instance" xsi:noNamespaceSchemaLocation="https://maven.apache.org/surefire/maven-surefire-plugin/xsd/surefire-test-report-3.0.xsd" version="3.0" name="edu.uci.ics.fuzzyjoin.hadoop.test.FuzzyRSJoinTest" time="12.897" tests="8" errors="0" skipped="0" failures="0">
  <properties>
[...]
</properties>
  <testcase name="test020" classname="edu.uci.ics.fuzzyjoin.hadoop.test.FuzzyRSJoinTest" time="2.435">
    <system-out><![CDATA[FuzzyJoinDriver(RecordBalance)
  Input Path:  {file:/home/clemgi/4IF/stage/fuzzy-join_vernica-join/fuzzyjoin-0.0.2/data/pub-small/recordsbulk.dblp-000}
  Output Path: file:/home/clemgi/4IF/stage/fuzzy-join_vernica-join/fuzzyjoin-0.0.2/data/pub-small/records.dblp-000
  Map Jobs:    2
  Reduce Jobs: 1
  Properties:  {fuzzyjoin.similarity.name=Jaccard
                fuzzyjoin.similarity.threshold=0.5
                fuzzyjoin.tokenizer=Word
                fuzzyjoin.tokens.package=Scalar
                fuzzyjoin.tokens.lengthstats=false
                fuzzyjoin.ridpairs.group.class=TokenIdentity
                fuzzyjoin.ridpairs.group.factor=1
                fuzzyjoin.data.tokens=
                fuzzyjoin.data.joinindex=}
Job started: Wed Aug 21 04:43:01 CEST 2024
Job ended: Wed Aug 21 04:43:02 CEST 2024
The job took 1.218 seconds.
FuzzyJoinDriver(RecordBalance)
  Input Path:  {file:/home/clemgi/4IF/stage/fuzzy-join_vernica-join/fuzzyjoin-0.0.2/data/pub-small/recordsbulk.csx-000}
  Output Path: file:/home/clemgi/4IF/stage/fuzzy-join_vernica-join/fuzzyjoin-0.0.2/data/pub-small/records.csx-000
  Map Jobs:    2
  Reduce Jobs: 1
  Properties:  {fuzzyjoin.similarity.name=Jaccard
                fuzzyjoin.similarity.threshold=0.5
                fuzzyjoin.tokenizer=Word
                fuzzyjoin.tokens.package=Scalar
                fuzzyjoin.tokens.lengthstats=false
                fuzzyjoin.ridpairs.group.class=TokenIdentity
                fuzzyjoin.ridpairs.group.factor=1
                fuzzyjoin.data.tokens=
                fuzzyjoin.data.joinindex=}
Job started: Wed Aug 21 04:43:02 CEST 2024
Job ended: Wed Aug 21 04:43:03 CEST 2024
The job took 1.046 seconds.
]]></system-out>
    <system-err><![CDATA[Aug 21, 2024 4:43:01 AM org.apache.hadoop.metrics.jvm.JvmMetrics init
INFO: Initializing JVM Metrics with processName=JobTracker, sessionId=
Aug 21, 2024 4:43:01 AM org.apache.hadoop.mapred.JobClient configureCommandLineOptions
WARNING: No job jar file set.  User classes may not be found. See JobConf(Class) or JobConf#setJar(String).
Aug 21, 2024 4:43:01 AM org.apache.hadoop.mapred.FileInputFormat listStatus
INFO: Total input paths to process : 1
Aug 21, 2024 4:43:01 AM org.apache.hadoop.mapred.JobClient monitorAndPrintJob
INFO: Running job: job_local_0001
Aug 21, 2024 4:43:01 AM org.apache.hadoop.mapred.FileInputFormat listStatus
INFO: Total input paths to process : 1
Aug 21, 2024 4:43:01 AM org.apache.hadoop.mapred.MapTask runOldMapper
INFO: numReduceTasks: 1
Aug 21, 2024 4:43:01 AM org.apache.hadoop.mapred.MapTask$MapOutputBuffer <init>
INFO: io.sort.mb = 100
Aug 21, 2024 4:43:01 AM org.apache.hadoop.mapred.MapTask$MapOutputBuffer <init>
INFO: data buffer = 79691776/99614720
Aug 21, 2024 4:43:01 AM org.apache.hadoop.mapred.MapTask$MapOutputBuffer <init>
INFO: record buffer = 262144/327680
Aug 21, 2024 4:43:01 AM org.apache.hadoop.mapred.MapTask$MapOutputBuffer flush
INFO: Starting flush of map output
Aug 21, 2024 4:43:01 AM org.apache.hadoop.mapred.MapTask$MapOutputBuffer sortAndSpill
INFO: Finished spill 0
Aug 21, 2024 4:43:01 AM org.apache.hadoop.mapred.Task done
INFO: Task:attempt_local_0001_m_000000_0 is done. And is in the process of commiting
Aug 21, 2024 4:43:01 AM org.apache.hadoop.mapred.LocalJobRunner$Job statusUpdate
INFO: file:/home/clemgi/4IF/stage/fuzzy-join_vernica-join/fuzzyjoin-0.0.2/data/pub-small/recordsbulk.dblp-000/part-00000:0+36687
Aug 21, 2024 4:43:01 AM org.apache.hadoop.mapred.Task sendDone
INFO: Task 'attempt_local_0001_m_000000_0' done.
Aug 21, 2024 4:43:01 AM org.apache.hadoop.mapred.LocalJobRunner$Job statusUpdate
INFO: 
Aug 21, 2024 4:43:01 AM org.apache.hadoop.mapred.Merger$MergeQueue merge
INFO: Merging 1 sorted segments
Aug 21, 2024 4:43:01 AM org.apache.hadoop.mapred.Merger$MergeQueue merge
INFO: Down to the last merge-pass, with 1 segments left of total size: 37127 bytes
Aug 21, 2024 4:43:01 AM org.apache.hadoop.mapred.LocalJobRunner$Job statusUpdate
INFO: 
Aug 21, 2024 4:43:01 AM org.apache.hadoop.mapred.Task done
INFO: Task:attempt_local_0001_r_000000_0 is done. And is in the process of commiting
Aug 21, 2024 4:43:01 AM org.apache.hadoop.mapred.LocalJobRunner$Job statusUpdate
INFO: 
Aug 21, 2024 4:43:01 AM org.apache.hadoop.mapred.Task commit
INFO: Task attempt_local_0001_r_000000_0 is allowed to commit now
Aug 21, 2024 4:43:01 AM org.apache.hadoop.mapred.FileOutputCommitter commitTask
INFO: Saved output of task 'attempt_local_0001_r_000000_0' to file:/home/clemgi/4IF/stage/fuzzy-join_vernica-join/fuzzyjoin-0.0.2/data/pub-small/records.dblp-000
Aug 21, 2024 4:43:01 AM org.apache.hadoop.mapred.LocalJobRunner$Job statusUpdate
INFO: reduce > reduce
Aug 21, 2024 4:43:01 AM org.apache.hadoop.mapred.Task sendDone
INFO: Task 'attempt_local_0001_r_000000_0' done.
Aug 21, 2024 4:43:02 AM org.apache.hadoop.mapred.JobClient monitorAndPrintJob
INFO:  map 100% reduce 100%
Aug 21, 2024 4:43:02 AM org.apache.hadoop.mapred.JobClient monitorAndPrintJob
INFO: Job complete: job_local_0001
Aug 21, 2024 4:43:02 AM org.apache.hadoop.mapred.Counters log
INFO: Counters: 13
Aug 21, 2024 4:43:02 AM org.apache.hadoop.mapred.Counters log
INFO:   Map-Reduce Framework
Aug 21, 2024 4:43:02 AM org.apache.hadoop.mapred.Counters log
INFO:     Combine output records=0
Aug 21, 2024 4:43:02 AM org.apache.hadoop.mapred.Counters log
INFO:     Spilled Records=200
Aug 21, 2024 4:43:02 AM org.apache.hadoop.mapred.Counters log
INFO:     Reduce input records=100
Aug 21, 2024 4:43:02 AM org.apache.hadoop.mapred.Counters log
INFO:     Reduce output records=100
Aug 21, 2024 4:43:02 AM org.apache.hadoop.mapred.Counters log
INFO:     Map input records=100
Aug 21, 2024 4:43:02 AM org.apache.hadoop.mapred.Counters log
INFO:     Map output records=100
Aug 21, 2024 4:43:02 AM org.apache.hadoop.mapred.Counters log
INFO:     Map output bytes=36805
Aug 21, 2024 4:43:02 AM org.apache.hadoop.mapred.Counters log
INFO:     Reduce shuffle bytes=0
Aug 21, 2024 4:43:02 AM org.apache.hadoop.mapred.Counters log
INFO:     Combine input records=0
Aug 21, 2024 4:43:02 AM org.apache.hadoop.mapred.Counters log
INFO:     Map input bytes=36687
Aug 21, 2024 4:43:02 AM org.apache.hadoop.mapred.Counters log
INFO:     Reduce input groups=100
Aug 21, 2024 4:43:02 AM org.apache.hadoop.mapred.Counters log
INFO:   FileSystemCounters
Aug 21, 2024 4:43:02 AM org.apache.hadoop.mapred.Counters log
INFO:     FILE_BYTES_WRITTEN=166541
Aug 21, 2024 4:43:02 AM org.apache.hadoop.mapred.Counters log
INFO:     FILE_BYTES_READ=138133
Aug 21, 2024 4:43:02 AM org.apache.hadoop.metrics.jvm.JvmMetrics init
INFO: Cannot initialize JVM Metrics with processName=JobTracker, sessionId= - already initialized
Aug 21, 2024 4:43:02 AM org.apache.hadoop.mapred.JobClient configureCommandLineOptions
WARNING: No job jar file set.  User classes may not be found. See JobConf(Class) or JobConf#setJar(String).
Aug 21, 2024 4:43:02 AM org.apache.hadoop.mapred.FileInputFormat listStatus
INFO: Total input paths to process : 1
Aug 21, 2024 4:43:02 AM org.apache.hadoop.mapred.JobClient monitorAndPrintJob
INFO: Running job: job_local_0002
Aug 21, 2024 4:43:02 AM org.apache.hadoop.mapred.FileInputFormat listStatus
INFO: Total input paths to process : 1
Aug 21, 2024 4:43:02 AM org.apache.hadoop.mapred.MapTask runOldMapper
INFO: numReduceTasks: 1
Aug 21, 2024 4:43:02 AM org.apache.hadoop.mapred.MapTask$MapOutputBuffer <init>
INFO: io.sort.mb = 100
Aug 21, 2024 4:43:02 AM org.apache.hadoop.mapred.MapTask$MapOutputBuffer <init>
INFO: data buffer = 79691776/99614720
Aug 21, 2024 4:43:02 AM org.apache.hadoop.mapred.MapTask$MapOutputBuffer <init>
INFO: record buffer = 262144/327680
Aug 21, 2024 4:43:02 AM org.apache.hadoop.mapred.MapTask$MapOutputBuffer flush
INFO: Starting flush of map output
Aug 21, 2024 4:43:02 AM org.apache.hadoop.mapred.MapTask$MapOutputBuffer sortAndSpill
INFO: Finished spill 0
Aug 21, 2024 4:43:02 AM org.apache.hadoop.mapred.Task done
INFO: Task:attempt_local_0002_m_000000_0 is done. And is in the process of commiting
Aug 21, 2024 4:43:02 AM org.apache.hadoop.mapred.LocalJobRunner$Job statusUpdate
INFO: file:/home/clemgi/4IF/stage/fuzzy-join_vernica-join/fuzzyjoin-0.0.2/data/pub-small/recordsbulk.csx-000/part-00000:0+142587
Aug 21, 2024 4:43:02 AM org.apache.hadoop.mapred.Task sendDone
INFO: Task 'attempt_local_0002_m_000000_0' done.
Aug 21, 2024 4:43:02 AM org.apache.hadoop.mapred.LocalJobRunner$Job statusUpdate
INFO: 
Aug 21, 2024 4:43:02 AM org.apache.hadoop.mapred.Merger$MergeQueue merge
INFO: Merging 1 sorted segments
Aug 21, 2024 4:43:02 AM org.apache.hadoop.mapred.Merger$MergeQueue merge
INFO: Down to the last merge-pass, with 1 segments left of total size: 143189 bytes
Aug 21, 2024 4:43:02 AM org.apache.hadoop.mapred.LocalJobRunner$Job statusUpdate
INFO: 
Aug 21, 2024 4:43:02 AM org.apache.hadoop.mapred.Task done
INFO: Task:attempt_local_0002_r_000000_0 is done. And is in the process of commiting
Aug 21, 2024 4:43:02 AM org.apache.hadoop.mapred.LocalJobRunner$Job statusUpdate
INFO: 
Aug 21, 2024 4:43:02 AM org.apache.hadoop.mapred.Task commit
INFO: Task attempt_local_0002_r_000000_0 is allowed to commit now
Aug 21, 2024 4:43:02 AM org.apache.hadoop.mapred.FileOutputCommitter commitTask
INFO: Saved output of task 'attempt_local_0002_r_000000_0' to file:/home/clemgi/4IF/stage/fuzzy-join_vernica-join/fuzzyjoin-0.0.2/data/pub-small/records.csx-000
Aug 21, 2024 4:43:02 AM org.apache.hadoop.mapred.LocalJobRunner$Job statusUpdate
INFO: reduce > reduce
Aug 21, 2024 4:43:02 AM org.apache.hadoop.mapred.Task sendDone
INFO: Task 'attempt_local_0002_r_000000_0' done.
Aug 21, 2024 4:43:03 AM org.apache.hadoop.mapred.JobClient monitorAndPrintJob
INFO:  map 100% reduce 100%
Aug 21, 2024 4:43:03 AM org.apache.hadoop.mapred.JobClient monitorAndPrintJob
INFO: Job complete: job_local_0002
Aug 21, 2024 4:43:03 AM org.apache.hadoop.mapred.Counters log
INFO: Counters: 13
Aug 21, 2024 4:43:03 AM org.apache.hadoop.mapred.Counters log
INFO:   Map-Reduce Framework
Aug 21, 2024 4:43:03 AM org.apache.hadoop.mapred.Counters log
INFO:     Combine output records=0
Aug 21, 2024 4:43:03 AM org.apache.hadoop.mapred.Counters log
INFO:     Spilled Records=200
Aug 21, 2024 4:43:03 AM org.apache.hadoop.mapred.Counters log
INFO:     Reduce input records=100
Aug 21, 2024 4:43:03 AM org.apache.hadoop.mapred.Counters log
INFO:     Reduce output records=100
Aug 21, 2024 4:43:03 AM org.apache.hadoop.mapred.Counters log
INFO:     Map input records=100
Aug 21, 2024 4:43:03 AM org.apache.hadoop.mapred.Counters log
INFO:     Map output records=100
Aug 21, 2024 4:43:03 AM org.apache.hadoop.mapred.Counters log
INFO:     Map output bytes=142787
Aug 21, 2024 4:43:03 AM org.apache.hadoop.mapred.Counters log
INFO:     Reduce shuffle bytes=0
Aug 21, 2024 4:43:03 AM org.apache.hadoop.mapred.Counters log
INFO:     Combine input records=0
Aug 21, 2024 4:43:03 AM org.apache.hadoop.mapred.Counters log
INFO:     Map input bytes=142587
Aug 21, 2024 4:43:03 AM org.apache.hadoop.mapred.Counters log
INFO:     Reduce input groups=100
Aug 21, 2024 4:43:03 AM org.apache.hadoop.mapred.Counters log
INFO:   FileSystemCounters
Aug 21, 2024 4:43:03 AM org.apache.hadoop.mapred.Counters log
INFO:     FILE_BYTES_WRITTEN=688899
Aug 21, 2024 4:43:03 AM org.apache.hadoop.mapred.Counters log
INFO:     FILE_BYTES_READ=632909
]]></system-err>
  </testcase>
  <testcase name="test100" classname="edu.uci.ics.fuzzyjoin.hadoop.test.FuzzyRSJoinTest" time="2.153">
    <system-out><![CDATA[Multi-Job started: Wed Aug 21 04:43:03 CEST 2024
FuzzyJoinDriver(TokensBasic.phase1)
  Input Path:  {file:/home/clemgi/4IF/stage/fuzzy-join_vernica-join/fuzzyjoin-0.0.2/data/pub-small/records.dblp-000}
  Output Path: file:/home/clemgi/4IF/stage/fuzzy-join_vernica-join/fuzzyjoin-0.0.2/data/pub-small/tokens.phase1-000
  Map Jobs:    2
  Reduce Jobs: 1
  Properties:  {fuzzyjoin.similarity.name=Jaccard
                fuzzyjoin.similarity.threshold=0.5
                fuzzyjoin.tokenizer=Word
                fuzzyjoin.tokens.package=Scalar
                fuzzyjoin.tokens.lengthstats=false
                fuzzyjoin.ridpairs.group.class=TokenIdentity
                fuzzyjoin.ridpairs.group.factor=1
                fuzzyjoin.data.tokens=
                fuzzyjoin.data.joinindex=}
Job started: Wed Aug 21 04:43:03 CEST 2024
Job ended: Wed Aug 21 04:43:04 CEST 2024
The job took 1.052 seconds.
FuzzyJoinDriver(TokensBasic.phase2)
  Input Path:  {file:/home/clemgi/4IF/stage/fuzzy-join_vernica-join/fuzzyjoin-0.0.2/data/pub-small/tokens.phase1-000}
  Output Path: file:/home/clemgi/4IF/stage/fuzzy-join_vernica-join/fuzzyjoin-0.0.2/data/pub-small/tokens-000
  Map Jobs:    2
  Reduce Jobs: 1
  Properties:  {fuzzyjoin.similarity.name=Jaccard
                fuzzyjoin.similarity.threshold=0.5
                fuzzyjoin.tokenizer=Word
                fuzzyjoin.tokens.package=Scalar
                fuzzyjoin.tokens.lengthstats=false
                fuzzyjoin.ridpairs.group.class=TokenIdentity
                fuzzyjoin.ridpairs.group.factor=1
                fuzzyjoin.data.tokens=
                fuzzyjoin.data.joinindex=}
Job started: Wed Aug 21 04:43:04 CEST 2024
Job ended: Wed Aug 21 04:43:06 CEST 2024
The job took 1.062 seconds.
Multi-Job ended: Wed Aug 21 04:43:06 CEST 2024
The multi-job took 2.116 seconds.
]]></system-out>
    <system-err><![CDATA[Aug 21, 2024 4:43:03 AM org.apache.hadoop.metrics.jvm.JvmMetrics init
INFO: Cannot initialize JVM Metrics with processName=JobTracker, sessionId= - already initialized
Aug 21, 2024 4:43:03 AM org.apache.hadoop.mapred.JobClient configureCommandLineOptions
WARNING: No job jar file set.  User classes may not be found. See JobConf(Class) or JobConf#setJar(String).
Aug 21, 2024 4:43:03 AM org.apache.hadoop.mapred.FileInputFormat listStatus
INFO: Total input paths to process : 1
Aug 21, 2024 4:43:03 AM org.apache.hadoop.mapred.JobClient monitorAndPrintJob
INFO: Running job: job_local_0003
Aug 21, 2024 4:43:03 AM org.apache.hadoop.mapred.FileInputFormat listStatus
INFO: Total input paths to process : 1
Aug 21, 2024 4:43:03 AM org.apache.hadoop.mapred.MapTask runOldMapper
INFO: numReduceTasks: 1
Aug 21, 2024 4:43:03 AM org.apache.hadoop.mapred.MapTask$MapOutputBuffer <init>
INFO: io.sort.mb = 100
Aug 21, 2024 4:43:03 AM org.apache.hadoop.mapred.MapTask$MapOutputBuffer <init>
INFO: data buffer = 79691776/99614720
Aug 21, 2024 4:43:03 AM org.apache.hadoop.mapred.MapTask$MapOutputBuffer <init>
INFO: record buffer = 262144/327680
Aug 21, 2024 4:43:03 AM org.apache.hadoop.mapred.MapTask$MapOutputBuffer flush
INFO: Starting flush of map output
Aug 21, 2024 4:43:04 AM org.apache.hadoop.mapred.MapTask$MapOutputBuffer sortAndSpill
INFO: Finished spill 0
Aug 21, 2024 4:43:04 AM org.apache.hadoop.mapred.Task done
INFO: Task:attempt_local_0003_m_000000_0 is done. And is in the process of commiting
Aug 21, 2024 4:43:04 AM org.apache.hadoop.mapred.LocalJobRunner$Job statusUpdate
INFO: file:/home/clemgi/4IF/stage/fuzzy-join_vernica-join/fuzzyjoin-0.0.2/data/pub-small/records.dblp-000/part-00000:0+36687
Aug 21, 2024 4:43:04 AM org.apache.hadoop.mapred.Task sendDone
INFO: Task 'attempt_local_0003_m_000000_0' done.
Aug 21, 2024 4:43:04 AM org.apache.hadoop.mapred.LocalJobRunner$Job statusUpdate
INFO: 
Aug 21, 2024 4:43:04 AM org.apache.hadoop.mapred.Merger$MergeQueue merge
INFO: Merging 1 sorted segments
Aug 21, 2024 4:43:04 AM org.apache.hadoop.mapred.Merger$MergeQueue merge
INFO: Down to the last merge-pass, with 1 segments left of total size: 9062 bytes
Aug 21, 2024 4:43:04 AM org.apache.hadoop.mapred.LocalJobRunner$Job statusUpdate
INFO: 
Aug 21, 2024 4:43:04 AM org.apache.hadoop.mapred.Task done
INFO: Task:attempt_local_0003_r_000000_0 is done. And is in the process of commiting
Aug 21, 2024 4:43:04 AM org.apache.hadoop.mapred.LocalJobRunner$Job statusUpdate
INFO: 
Aug 21, 2024 4:43:04 AM org.apache.hadoop.mapred.Task commit
INFO: Task attempt_local_0003_r_000000_0 is allowed to commit now
Aug 21, 2024 4:43:04 AM org.apache.hadoop.mapred.FileOutputCommitter commitTask
INFO: Saved output of task 'attempt_local_0003_r_000000_0' to file:/home/clemgi/4IF/stage/fuzzy-join_vernica-join/fuzzyjoin-0.0.2/data/pub-small/tokens.phase1-000
Aug 21, 2024 4:43:04 AM org.apache.hadoop.mapred.LocalJobRunner$Job statusUpdate
INFO: reduce > reduce
Aug 21, 2024 4:43:04 AM org.apache.hadoop.mapred.Task sendDone
INFO: Task 'attempt_local_0003_r_000000_0' done.
Aug 21, 2024 4:43:04 AM org.apache.hadoop.mapred.JobClient monitorAndPrintJob
INFO:  map 100% reduce 100%
Aug 21, 2024 4:43:04 AM org.apache.hadoop.mapred.JobClient monitorAndPrintJob
INFO: Job complete: job_local_0003
Aug 21, 2024 4:43:04 AM org.apache.hadoop.mapred.Counters log
INFO: Counters: 13
Aug 21, 2024 4:43:04 AM org.apache.hadoop.mapred.Counters log
INFO:   Map-Reduce Framework
Aug 21, 2024 4:43:04 AM org.apache.hadoop.mapred.Counters log
INFO:     Combine output records=597
Aug 21, 2024 4:43:04 AM org.apache.hadoop.mapred.Counters log
INFO:     Spilled Records=1194
Aug 21, 2024 4:43:04 AM org.apache.hadoop.mapred.Counters log
INFO:     Reduce input records=597
Aug 21, 2024 4:43:04 AM org.apache.hadoop.mapred.Counters log
INFO:     Reduce output records=597
Aug 21, 2024 4:43:04 AM org.apache.hadoop.mapred.Counters log
INFO:     Map input records=100
Aug 21, 2024 4:43:04 AM org.apache.hadoop.mapred.Counters log
INFO:     Map output records=1248
Aug 21, 2024 4:43:04 AM org.apache.hadoop.mapred.Counters log
INFO:     Map output bytes=15588
Aug 21, 2024 4:43:04 AM org.apache.hadoop.mapred.Counters log
INFO:     Reduce shuffle bytes=0
Aug 21, 2024 4:43:04 AM org.apache.hadoop.mapred.Counters log
INFO:     Combine input records=1248
Aug 21, 2024 4:43:04 AM org.apache.hadoop.mapred.Counters log
INFO:     Map input bytes=36687
Aug 21, 2024 4:43:04 AM org.apache.hadoop.mapred.Counters log
INFO:     Reduce input groups=597
Aug 21, 2024 4:43:04 AM org.apache.hadoop.mapred.Counters log
INFO:   FileSystemCounters
Aug 21, 2024 4:43:04 AM org.apache.hadoop.mapred.Counters log
INFO:     FILE_BYTES_WRITTEN=921341
Aug 21, 2024 4:43:04 AM org.apache.hadoop.mapred.Counters log
INFO:     FILE_BYTES_READ=887354
Aug 21, 2024 4:43:04 AM org.apache.hadoop.metrics.jvm.JvmMetrics init
INFO: Cannot initialize JVM Metrics with processName=JobTracker, sessionId= - already initialized
Aug 21, 2024 4:43:04 AM org.apache.hadoop.mapred.JobClient configureCommandLineOptions
WARNING: No job jar file set.  User classes may not be found. See JobConf(Class) or JobConf#setJar(String).
Aug 21, 2024 4:43:04 AM org.apache.hadoop.mapred.FileInputFormat listStatus
INFO: Total input paths to process : 1
Aug 21, 2024 4:43:04 AM org.apache.hadoop.mapred.JobClient monitorAndPrintJob
INFO: Running job: job_local_0004
Aug 21, 2024 4:43:04 AM org.apache.hadoop.mapred.FileInputFormat listStatus
INFO: Total input paths to process : 1
Aug 21, 2024 4:43:05 AM org.apache.hadoop.mapred.MapTask runOldMapper
INFO: numReduceTasks: 1
Aug 21, 2024 4:43:05 AM org.apache.hadoop.mapred.MapTask$MapOutputBuffer <init>
INFO: io.sort.mb = 100
Aug 21, 2024 4:43:05 AM org.apache.hadoop.mapred.MapTask$MapOutputBuffer <init>
INFO: data buffer = 79691776/99614720
Aug 21, 2024 4:43:05 AM org.apache.hadoop.mapred.MapTask$MapOutputBuffer <init>
INFO: record buffer = 262144/327680
Aug 21, 2024 4:43:05 AM org.apache.hadoop.mapred.MapTask$MapOutputBuffer flush
INFO: Starting flush of map output
Aug 21, 2024 4:43:05 AM org.apache.hadoop.mapred.MapTask$MapOutputBuffer sortAndSpill
INFO: Finished spill 0
Aug 21, 2024 4:43:05 AM org.apache.hadoop.mapred.Task done
INFO: Task:attempt_local_0004_m_000000_0 is done. And is in the process of commiting
Aug 21, 2024 4:43:05 AM org.apache.hadoop.mapred.LocalJobRunner$Job statusUpdate
INFO: file:/home/clemgi/4IF/stage/fuzzy-join_vernica-join/fuzzyjoin-0.0.2/data/pub-small/tokens.phase1-000/part-00000:0+12847
Aug 21, 2024 4:43:05 AM org.apache.hadoop.mapred.Task sendDone
INFO: Task 'attempt_local_0004_m_000000_0' done.
Aug 21, 2024 4:43:05 AM org.apache.hadoop.mapred.LocalJobRunner$Job statusUpdate
INFO: 
Aug 21, 2024 4:43:05 AM org.apache.hadoop.mapred.Merger$MergeQueue merge
INFO: Merging 1 sorted segments
Aug 21, 2024 4:43:05 AM org.apache.hadoop.mapred.Merger$MergeQueue merge
INFO: Down to the last merge-pass, with 1 segments left of total size: 9062 bytes
Aug 21, 2024 4:43:05 AM org.apache.hadoop.mapred.LocalJobRunner$Job statusUpdate
INFO: 
Aug 21, 2024 4:43:05 AM org.apache.hadoop.mapred.Task done
INFO: Task:attempt_local_0004_r_000000_0 is done. And is in the process of commiting
Aug 21, 2024 4:43:05 AM org.apache.hadoop.mapred.LocalJobRunner$Job statusUpdate
INFO: 
Aug 21, 2024 4:43:05 AM org.apache.hadoop.mapred.Task commit
INFO: Task attempt_local_0004_r_000000_0 is allowed to commit now
Aug 21, 2024 4:43:05 AM org.apache.hadoop.mapred.FileOutputCommitter commitTask
INFO: Saved output of task 'attempt_local_0004_r_000000_0' to file:/home/clemgi/4IF/stage/fuzzy-join_vernica-join/fuzzyjoin-0.0.2/data/pub-small/tokens-000
Aug 21, 2024 4:43:05 AM org.apache.hadoop.mapred.LocalJobRunner$Job statusUpdate
INFO: reduce > reduce
Aug 21, 2024 4:43:05 AM org.apache.hadoop.mapred.Task sendDone
INFO: Task 'attempt_local_0004_r_000000_0' done.
Aug 21, 2024 4:43:05 AM org.apache.hadoop.mapred.JobClient monitorAndPrintJob
INFO:  map 100% reduce 100%
Aug 21, 2024 4:43:05 AM org.apache.hadoop.mapred.JobClient monitorAndPrintJob
INFO: Job complete: job_local_0004
Aug 21, 2024 4:43:05 AM org.apache.hadoop.mapred.Counters log
INFO: Counters: 13
Aug 21, 2024 4:43:05 AM org.apache.hadoop.mapred.Counters log
INFO:   Map-Reduce Framework
Aug 21, 2024 4:43:05 AM org.apache.hadoop.mapred.Counters log
INFO:     Combine output records=0
Aug 21, 2024 4:43:05 AM org.apache.hadoop.mapred.Counters log
INFO:     Spilled Records=1194
Aug 21, 2024 4:43:05 AM org.apache.hadoop.mapred.Counters log
INFO:     Reduce input records=597
Aug 21, 2024 4:43:05 AM org.apache.hadoop.mapred.Counters log
INFO:     Reduce output records=597
Aug 21, 2024 4:43:05 AM org.apache.hadoop.mapred.Counters log
INFO:     Map input records=597
Aug 21, 2024 4:43:06 AM org.apache.hadoop.mapred.Counters log
INFO:     Map output records=597
Aug 21, 2024 4:43:06 AM org.apache.hadoop.mapred.Counters log
INFO:     Map output bytes=7866
Aug 21, 2024 4:43:06 AM org.apache.hadoop.mapred.Counters log
INFO:     Reduce shuffle bytes=0
Aug 21, 2024 4:43:06 AM org.apache.hadoop.mapred.Counters log
INFO:     Combine input records=0
Aug 21, 2024 4:43:06 AM org.apache.hadoop.mapred.Counters log
INFO:     Map input bytes=12762
Aug 21, 2024 4:43:06 AM org.apache.hadoop.mapred.Counters log
INFO:     Reduce input groups=18
Aug 21, 2024 4:43:06 AM org.apache.hadoop.mapred.Counters log
INFO:   FileSystemCounters
Aug 21, 2024 4:43:06 AM org.apache.hadoop.mapred.Counters log
INFO:     FILE_BYTES_WRITTEN=1013784
Aug 21, 2024 4:43:06 AM org.apache.hadoop.mapred.Counters log
INFO:     FILE_BYTES_READ=958712
]]></system-err>
  </testcase>
  <testcase name="test110" classname="edu.uci.ics.fuzzyjoin.hadoop.test.FuzzyRSJoinTest" time="1.039">
    <system-out><![CDATA[FuzzyJoinDriver(TokensImproved)
  Input Path:  {file:/home/clemgi/4IF/stage/fuzzy-join_vernica-join/fuzzyjoin-0.0.2/data/pub-small/records.dblp-000}
  Output Path: file:/home/clemgi/4IF/stage/fuzzy-join_vernica-join/fuzzyjoin-0.0.2/data/pub-small/tokens-000
  Map Jobs:    2
  Reduce Jobs: 1
  Properties:  {fuzzyjoin.similarity.name=Jaccard
                fuzzyjoin.similarity.threshold=0.5
                fuzzyjoin.tokenizer=Word
                fuzzyjoin.tokens.package=Scalar
                fuzzyjoin.tokens.lengthstats=false
                fuzzyjoin.ridpairs.group.class=TokenIdentity
                fuzzyjoin.ridpairs.group.factor=1
                fuzzyjoin.data.tokens=
                fuzzyjoin.data.joinindex=}
Job started: Wed Aug 21 04:43:06 CEST 2024
Job ended: Wed Aug 21 04:43:07 CEST 2024
The job took 1.031 seconds.
]]></system-out>
    <system-err><![CDATA[Aug 21, 2024 4:43:06 AM org.apache.hadoop.metrics.jvm.JvmMetrics init
INFO: Cannot initialize JVM Metrics with processName=JobTracker, sessionId= - already initialized
Aug 21, 2024 4:43:06 AM org.apache.hadoop.mapred.JobClient configureCommandLineOptions
WARNING: No job jar file set.  User classes may not be found. See JobConf(Class) or JobConf#setJar(String).
Aug 21, 2024 4:43:06 AM org.apache.hadoop.mapred.FileInputFormat listStatus
INFO: Total input paths to process : 1
Aug 21, 2024 4:43:06 AM org.apache.hadoop.mapred.JobClient monitorAndPrintJob
INFO: Running job: job_local_0005
Aug 21, 2024 4:43:06 AM org.apache.hadoop.mapred.FileInputFormat listStatus
INFO: Total input paths to process : 1
Aug 21, 2024 4:43:06 AM org.apache.hadoop.mapred.MapTask runOldMapper
INFO: numReduceTasks: 1
Aug 21, 2024 4:43:06 AM org.apache.hadoop.mapred.MapTask$MapOutputBuffer <init>
INFO: io.sort.mb = 100
Aug 21, 2024 4:43:06 AM org.apache.hadoop.mapred.MapTask$MapOutputBuffer <init>
INFO: data buffer = 79691776/99614720
Aug 21, 2024 4:43:06 AM org.apache.hadoop.mapred.MapTask$MapOutputBuffer <init>
INFO: record buffer = 262144/327680
Aug 21, 2024 4:43:06 AM org.apache.hadoop.mapred.MapTask$MapOutputBuffer flush
INFO: Starting flush of map output
Aug 21, 2024 4:43:06 AM org.apache.hadoop.mapred.MapTask$MapOutputBuffer sortAndSpill
INFO: Finished spill 0
Aug 21, 2024 4:43:06 AM org.apache.hadoop.mapred.Task done
INFO: Task:attempt_local_0005_m_000000_0 is done. And is in the process of commiting
Aug 21, 2024 4:43:06 AM org.apache.hadoop.mapred.LocalJobRunner$Job statusUpdate
INFO: file:/home/clemgi/4IF/stage/fuzzy-join_vernica-join/fuzzyjoin-0.0.2/data/pub-small/records.dblp-000/part-00000:0+36687
Aug 21, 2024 4:43:06 AM org.apache.hadoop.mapred.Task sendDone
INFO: Task 'attempt_local_0005_m_000000_0' done.
Aug 21, 2024 4:43:06 AM org.apache.hadoop.mapred.LocalJobRunner$Job statusUpdate
INFO: 
Aug 21, 2024 4:43:06 AM org.apache.hadoop.mapred.Merger$MergeQueue merge
INFO: Merging 1 sorted segments
Aug 21, 2024 4:43:06 AM org.apache.hadoop.mapred.Merger$MergeQueue merge
INFO: Down to the last merge-pass, with 1 segments left of total size: 9062 bytes
Aug 21, 2024 4:43:06 AM org.apache.hadoop.mapred.LocalJobRunner$Job statusUpdate
INFO: 
Aug 21, 2024 4:43:06 AM org.apache.hadoop.mapred.Task done
INFO: Task:attempt_local_0005_r_000000_0 is done. And is in the process of commiting
Aug 21, 2024 4:43:06 AM org.apache.hadoop.mapred.LocalJobRunner$Job statusUpdate
INFO: 
Aug 21, 2024 4:43:06 AM org.apache.hadoop.mapred.Task commit
INFO: Task attempt_local_0005_r_000000_0 is allowed to commit now
Aug 21, 2024 4:43:06 AM org.apache.hadoop.mapred.FileOutputCommitter commitTask
INFO: Saved output of task 'attempt_local_0005_r_000000_0' to file:/home/clemgi/4IF/stage/fuzzy-join_vernica-join/fuzzyjoin-0.0.2/data/pub-small/tokens-000
Aug 21, 2024 4:43:06 AM org.apache.hadoop.mapred.LocalJobRunner$Job statusUpdate
INFO: reduce > reduce
Aug 21, 2024 4:43:06 AM org.apache.hadoop.mapred.Task sendDone
INFO: Task 'attempt_local_0005_r_000000_0' done.
Aug 21, 2024 4:43:07 AM org.apache.hadoop.mapred.JobClient monitorAndPrintJob
INFO:  map 100% reduce 100%
Aug 21, 2024 4:43:07 AM org.apache.hadoop.mapred.JobClient monitorAndPrintJob
INFO: Job complete: job_local_0005
Aug 21, 2024 4:43:07 AM org.apache.hadoop.mapred.Counters log
INFO: Counters: 13
Aug 21, 2024 4:43:07 AM org.apache.hadoop.mapred.Counters log
INFO:   Map-Reduce Framework
Aug 21, 2024 4:43:07 AM org.apache.hadoop.mapred.Counters log
INFO:     Combine output records=597
Aug 21, 2024 4:43:07 AM org.apache.hadoop.mapred.Counters log
INFO:     Spilled Records=1194
Aug 21, 2024 4:43:07 AM org.apache.hadoop.mapred.Counters log
INFO:     Reduce input records=597
Aug 21, 2024 4:43:07 AM org.apache.hadoop.mapred.Counters log
INFO:     Reduce output records=597
Aug 21, 2024 4:43:07 AM org.apache.hadoop.mapred.Counters log
INFO:     Map input records=100
Aug 21, 2024 4:43:07 AM org.apache.hadoop.mapred.Counters log
INFO:     Map output records=1248
Aug 21, 2024 4:43:07 AM org.apache.hadoop.mapred.Counters log
INFO:     Map output bytes=15588
Aug 21, 2024 4:43:07 AM org.apache.hadoop.mapred.Counters log
INFO:     Reduce shuffle bytes=0
Aug 21, 2024 4:43:07 AM org.apache.hadoop.mapred.Counters log
INFO:     Combine input records=1248
Aug 21, 2024 4:43:07 AM org.apache.hadoop.mapred.Counters log
INFO:     Map input bytes=36687
Aug 21, 2024 4:43:07 AM org.apache.hadoop.mapred.Counters log
INFO:     Reduce input groups=597
Aug 21, 2024 4:43:07 AM org.apache.hadoop.mapred.Counters log
INFO:   FileSystemCounters
Aug 21, 2024 4:43:07 AM org.apache.hadoop.mapred.Counters log
INFO:     FILE_BYTES_WRITTEN=1099216
Aug 21, 2024 4:43:07 AM org.apache.hadoop.mapred.Counters log
INFO:     FILE_BYTES_READ=1078330
]]></system-err>
  </testcase>
  <testcase name="test200" classname="edu.uci.ics.fuzzyjoin.hadoop.test.FuzzyRSJoinTest" time="1.033">
    <system-out><![CDATA[FuzzyJoinDriver(RIDPairsImproved)
  Input Path:  {file:/home/clemgi/4IF/stage/fuzzy-join_vernica-join/fuzzyjoin-0.0.2/data/pub-small/records.dblp-000
                file:/home/clemgi/4IF/stage/fuzzy-join_vernica-join/fuzzyjoin-0.0.2/data/pub-small/records.csx-000}
  Output Path: file:/home/clemgi/4IF/stage/fuzzy-join_vernica-join/fuzzyjoin-0.0.2/data/pub-small/ridpairs-000
  Map Jobs:    2
  Reduce Jobs: 1
  Properties:  {fuzzyjoin.similarity.name=Jaccard
                fuzzyjoin.similarity.threshold=0.5
                fuzzyjoin.tokenizer=Word
                fuzzyjoin.tokens.package=Scalar
                fuzzyjoin.tokens.lengthstats=false
                fuzzyjoin.ridpairs.group.class=TokenIdentity
                fuzzyjoin.ridpairs.group.factor=1
                fuzzyjoin.data.tokens=../data/pub-small/tokens-000/part-00000
                fuzzyjoin.data.joinindex=}
Job started: Wed Aug 21 04:43:07 CEST 2024
Job ended: Wed Aug 21 04:43:08 CEST 2024
The job took 1.026 seconds.
]]></system-out>
    <system-err><![CDATA[Aug 21, 2024 4:43:07 AM org.apache.hadoop.metrics.jvm.JvmMetrics init
INFO: Cannot initialize JVM Metrics with processName=JobTracker, sessionId= - already initialized
Aug 21, 2024 4:43:07 AM org.apache.hadoop.mapred.JobClient configureCommandLineOptions
WARNING: No job jar file set.  User classes may not be found. See JobConf(Class) or JobConf#setJar(String).
Aug 21, 2024 4:43:07 AM org.apache.hadoop.mapred.FileInputFormat listStatus
INFO: Total input paths to process : 2
Aug 21, 2024 4:43:07 AM org.apache.hadoop.mapred.JobClient monitorAndPrintJob
INFO: Running job: job_local_0006
Aug 21, 2024 4:43:07 AM org.apache.hadoop.mapred.FileInputFormat listStatus
INFO: Total input paths to process : 2
Aug 21, 2024 4:43:07 AM org.apache.hadoop.mapred.MapTask runOldMapper
INFO: numReduceTasks: 1
Aug 21, 2024 4:43:07 AM org.apache.hadoop.mapred.MapTask$MapOutputBuffer <init>
INFO: io.sort.mb = 100
Aug 21, 2024 4:43:07 AM org.apache.hadoop.mapred.MapTask$MapOutputBuffer <init>
INFO: data buffer = 79691776/99614720
Aug 21, 2024 4:43:07 AM org.apache.hadoop.mapred.MapTask$MapOutputBuffer <init>
INFO: record buffer = 262144/327680
Aug 21, 2024 4:43:07 AM org.apache.hadoop.mapred.MapTask$MapOutputBuffer flush
INFO: Starting flush of map output
Aug 21, 2024 4:43:07 AM org.apache.hadoop.mapred.MapTask$MapOutputBuffer sortAndSpill
INFO: Finished spill 0
Aug 21, 2024 4:43:07 AM org.apache.hadoop.mapred.Task done
INFO: Task:attempt_local_0006_m_000000_0 is done. And is in the process of commiting
Aug 21, 2024 4:43:07 AM org.apache.hadoop.mapred.LocalJobRunner$Job statusUpdate
INFO: file:/home/clemgi/4IF/stage/fuzzy-join_vernica-join/fuzzyjoin-0.0.2/data/pub-small/records.dblp-000/part-00000:0+36687
Aug 21, 2024 4:43:07 AM org.apache.hadoop.mapred.Task sendDone
INFO: Task 'attempt_local_0006_m_000000_0' done.
Aug 21, 2024 4:43:07 AM org.apache.hadoop.mapred.MapTask runOldMapper
INFO: numReduceTasks: 1
Aug 21, 2024 4:43:07 AM org.apache.hadoop.mapred.MapTask$MapOutputBuffer <init>
INFO: io.sort.mb = 100
Aug 21, 2024 4:43:07 AM org.apache.hadoop.mapred.MapTask$MapOutputBuffer <init>
INFO: data buffer = 79691776/99614720
Aug 21, 2024 4:43:07 AM org.apache.hadoop.mapred.MapTask$MapOutputBuffer <init>
INFO: record buffer = 262144/327680
Aug 21, 2024 4:43:07 AM org.apache.hadoop.mapred.MapTask$MapOutputBuffer flush
INFO: Starting flush of map output
Aug 21, 2024 4:43:07 AM org.apache.hadoop.mapred.MapTask$MapOutputBuffer sortAndSpill
INFO: Finished spill 0
Aug 21, 2024 4:43:07 AM org.apache.hadoop.mapred.Task done
INFO: Task:attempt_local_0006_m_000001_0 is done. And is in the process of commiting
Aug 21, 2024 4:43:07 AM org.apache.hadoop.mapred.LocalJobRunner$Job statusUpdate
INFO: file:/home/clemgi/4IF/stage/fuzzy-join_vernica-join/fuzzyjoin-0.0.2/data/pub-small/records.csx-000/part-00000:0+142587
Aug 21, 2024 4:43:07 AM org.apache.hadoop.mapred.Task sendDone
INFO: Task 'attempt_local_0006_m_000001_0' done.
Aug 21, 2024 4:43:07 AM org.apache.hadoop.mapred.LocalJobRunner$Job statusUpdate
INFO: 
Aug 21, 2024 4:43:07 AM org.apache.hadoop.mapred.Merger$MergeQueue merge
INFO: Merging 2 sorted segments
Aug 21, 2024 4:43:07 AM org.apache.hadoop.mapred.Merger$MergeQueue merge
INFO: Down to the last merge-pass, with 2 segments left of total size: 82768 bytes
Aug 21, 2024 4:43:07 AM org.apache.hadoop.mapred.LocalJobRunner$Job statusUpdate
INFO: 
Aug 21, 2024 4:43:07 AM org.apache.hadoop.mapred.Task done
INFO: Task:attempt_local_0006_r_000000_0 is done. And is in the process of commiting
Aug 21, 2024 4:43:07 AM org.apache.hadoop.mapred.LocalJobRunner$Job statusUpdate
INFO: 
Aug 21, 2024 4:43:07 AM org.apache.hadoop.mapred.Task commit
INFO: Task attempt_local_0006_r_000000_0 is allowed to commit now
Aug 21, 2024 4:43:07 AM org.apache.hadoop.mapred.FileOutputCommitter commitTask
INFO: Saved output of task 'attempt_local_0006_r_000000_0' to file:/home/clemgi/4IF/stage/fuzzy-join_vernica-join/fuzzyjoin-0.0.2/data/pub-small/ridpairs-000
Aug 21, 2024 4:43:07 AM org.apache.hadoop.mapred.LocalJobRunner$Job statusUpdate
INFO: reduce > reduce
Aug 21, 2024 4:43:07 AM org.apache.hadoop.mapred.Task sendDone
INFO: Task 'attempt_local_0006_r_000000_0' done.
Aug 21, 2024 4:43:08 AM org.apache.hadoop.mapred.JobClient monitorAndPrintJob
INFO:  map 100% reduce 100%
Aug 21, 2024 4:43:08 AM org.apache.hadoop.mapred.JobClient monitorAndPrintJob
INFO: Job complete: job_local_0006
Aug 21, 2024 4:43:08 AM org.apache.hadoop.mapred.Counters log
INFO: Counters: 13
Aug 21, 2024 4:43:08 AM org.apache.hadoop.mapred.Counters log
INFO:   Map-Reduce Framework
Aug 21, 2024 4:43:08 AM org.apache.hadoop.mapred.Counters log
INFO:     Combine output records=0
Aug 21, 2024 4:43:08 AM org.apache.hadoop.mapred.Counters log
INFO:     Spilled Records=2162
Aug 21, 2024 4:43:08 AM org.apache.hadoop.mapred.Counters log
INFO:     Reduce input records=1039
Aug 21, 2024 4:43:08 AM org.apache.hadoop.mapred.Counters log
INFO:     Reduce output records=42
Aug 21, 2024 4:43:08 AM org.apache.hadoop.mapred.Counters log
INFO:     Map input records=200
Aug 21, 2024 4:43:08 AM org.apache.hadoop.mapred.Counters log
INFO:     Map output records=1081
Aug 21, 2024 4:43:08 AM org.apache.hadoop.mapred.Counters log
INFO:     Map output bytes=80548
Aug 21, 2024 4:43:08 AM org.apache.hadoop.mapred.Counters log
INFO:     Reduce shuffle bytes=0
Aug 21, 2024 4:43:08 AM org.apache.hadoop.mapred.Counters log
INFO:     Combine input records=0
Aug 21, 2024 4:43:08 AM org.apache.hadoop.mapred.Counters log
INFO:     Map input bytes=179274
Aug 21, 2024 4:43:08 AM org.apache.hadoop.mapred.Counters log
INFO:     Reduce input groups=565
Aug 21, 2024 4:43:08 AM org.apache.hadoop.mapred.Counters log
INFO:   FileSystemCounters
Aug 21, 2024 4:43:08 AM org.apache.hadoop.mapred.Counters log
INFO:     FILE_BYTES_WRITTEN=1971994
Aug 21, 2024 4:43:08 AM org.apache.hadoop.mapred.Counters log
INFO:     FILE_BYTES_READ=2155312
]]></system-err>
  </testcase>
  <testcase name="test210" classname="edu.uci.ics.fuzzyjoin.hadoop.test.FuzzyRSJoinTest" time="1.042">
    <system-out><![CDATA[FuzzyJoinDriver(RIDPairsPPJoin.TokenIdentity)
  Input Path:  {file:/home/clemgi/4IF/stage/fuzzy-join_vernica-join/fuzzyjoin-0.0.2/data/pub-small/records.dblp-000
                file:/home/clemgi/4IF/stage/fuzzy-join_vernica-join/fuzzyjoin-0.0.2/data/pub-small/records.csx-000}
  Output Path: file:/home/clemgi/4IF/stage/fuzzy-join_vernica-join/fuzzyjoin-0.0.2/data/pub-small/ridpairs-000
  Map Jobs:    2
  Reduce Jobs: 1
  Properties:  {fuzzyjoin.similarity.name=Jaccard
                fuzzyjoin.similarity.threshold=0.5
                fuzzyjoin.tokenizer=Word
                fuzzyjoin.tokens.package=Scalar
                fuzzyjoin.tokens.lengthstats=false
                fuzzyjoin.ridpairs.group.class=TokenIdentity
                fuzzyjoin.ridpairs.group.factor=1
                fuzzyjoin.data.tokens=../data/pub-small/tokens-000/part-00000
                fuzzyjoin.data.joinindex=}
Job started: Wed Aug 21 04:43:08 CEST 2024
Job ended: Wed Aug 21 04:43:09 CEST 2024
The job took 1.036 seconds.
]]></system-out>
    <system-err><![CDATA[Aug 21, 2024 4:43:08 AM org.apache.hadoop.metrics.jvm.JvmMetrics init
INFO: Cannot initialize JVM Metrics with processName=JobTracker, sessionId= - already initialized
Aug 21, 2024 4:43:08 AM org.apache.hadoop.mapred.JobClient configureCommandLineOptions
WARNING: No job jar file set.  User classes may not be found. See JobConf(Class) or JobConf#setJar(String).
Aug 21, 2024 4:43:08 AM org.apache.hadoop.mapred.FileInputFormat listStatus
INFO: Total input paths to process : 2
Aug 21, 2024 4:43:08 AM org.apache.hadoop.mapred.JobClient monitorAndPrintJob
INFO: Running job: job_local_0007
Aug 21, 2024 4:43:08 AM org.apache.hadoop.mapred.FileInputFormat listStatus
INFO: Total input paths to process : 2
Aug 21, 2024 4:43:08 AM org.apache.hadoop.mapred.MapTask runOldMapper
INFO: numReduceTasks: 1
Aug 21, 2024 4:43:08 AM org.apache.hadoop.mapred.MapTask$MapOutputBuffer <init>
INFO: io.sort.mb = 100
Aug 21, 2024 4:43:08 AM org.apache.hadoop.mapred.MapTask$MapOutputBuffer <init>
INFO: data buffer = 79691776/99614720
Aug 21, 2024 4:43:08 AM org.apache.hadoop.mapred.MapTask$MapOutputBuffer <init>
INFO: record buffer = 262144/327680
Aug 21, 2024 4:43:08 AM org.apache.hadoop.mapred.MapTask$MapOutputBuffer flush
INFO: Starting flush of map output
Aug 21, 2024 4:43:08 AM org.apache.hadoop.mapred.MapTask$MapOutputBuffer sortAndSpill
INFO: Finished spill 0
Aug 21, 2024 4:43:08 AM org.apache.hadoop.mapred.Task done
INFO: Task:attempt_local_0007_m_000000_0 is done. And is in the process of commiting
Aug 21, 2024 4:43:08 AM org.apache.hadoop.mapred.LocalJobRunner$Job statusUpdate
INFO: file:/home/clemgi/4IF/stage/fuzzy-join_vernica-join/fuzzyjoin-0.0.2/data/pub-small/records.dblp-000/part-00000:0+36687
Aug 21, 2024 4:43:08 AM org.apache.hadoop.mapred.Task sendDone
INFO: Task 'attempt_local_0007_m_000000_0' done.
Aug 21, 2024 4:43:08 AM org.apache.hadoop.mapred.MapTask runOldMapper
INFO: numReduceTasks: 1
Aug 21, 2024 4:43:08 AM org.apache.hadoop.mapred.MapTask$MapOutputBuffer <init>
INFO: io.sort.mb = 100
Aug 21, 2024 4:43:08 AM org.apache.hadoop.mapred.MapTask$MapOutputBuffer <init>
INFO: data buffer = 79691776/99614720
Aug 21, 2024 4:43:08 AM org.apache.hadoop.mapred.MapTask$MapOutputBuffer <init>
INFO: record buffer = 262144/327680
Aug 21, 2024 4:43:08 AM org.apache.hadoop.mapred.MapTask$MapOutputBuffer flush
INFO: Starting flush of map output
Aug 21, 2024 4:43:08 AM org.apache.hadoop.mapred.MapTask$MapOutputBuffer sortAndSpill
INFO: Finished spill 0
Aug 21, 2024 4:43:08 AM org.apache.hadoop.mapred.Task done
INFO: Task:attempt_local_0007_m_000001_0 is done. And is in the process of commiting
Aug 21, 2024 4:43:08 AM org.apache.hadoop.mapred.LocalJobRunner$Job statusUpdate
INFO: file:/home/clemgi/4IF/stage/fuzzy-join_vernica-join/fuzzyjoin-0.0.2/data/pub-small/records.csx-000/part-00000:0+142587
Aug 21, 2024 4:43:08 AM org.apache.hadoop.mapred.Task sendDone
INFO: Task 'attempt_local_0007_m_000001_0' done.
Aug 21, 2024 4:43:08 AM org.apache.hadoop.mapred.LocalJobRunner$Job statusUpdate
INFO: 
Aug 21, 2024 4:43:08 AM org.apache.hadoop.mapred.Merger$MergeQueue merge
INFO: Merging 2 sorted segments
Aug 21, 2024 4:43:08 AM org.apache.hadoop.mapred.Merger$MergeQueue merge
INFO: Down to the last merge-pass, with 2 segments left of total size: 87092 bytes
Aug 21, 2024 4:43:08 AM org.apache.hadoop.mapred.LocalJobRunner$Job statusUpdate
INFO: 
Aug 21, 2024 4:43:08 AM org.apache.hadoop.mapred.Task done
INFO: Task:attempt_local_0007_r_000000_0 is done. And is in the process of commiting
Aug 21, 2024 4:43:08 AM org.apache.hadoop.mapred.LocalJobRunner$Job statusUpdate
INFO: 
Aug 21, 2024 4:43:08 AM org.apache.hadoop.mapred.Task commit
INFO: Task attempt_local_0007_r_000000_0 is allowed to commit now
Aug 21, 2024 4:43:08 AM org.apache.hadoop.mapred.FileOutputCommitter commitTask
INFO: Saved output of task 'attempt_local_0007_r_000000_0' to file:/home/clemgi/4IF/stage/fuzzy-join_vernica-join/fuzzyjoin-0.0.2/data/pub-small/ridpairs-000
Aug 21, 2024 4:43:08 AM org.apache.hadoop.mapred.LocalJobRunner$Job statusUpdate
INFO: reduce > reduce
Aug 21, 2024 4:43:08 AM org.apache.hadoop.mapred.Task sendDone
INFO: Task 'attempt_local_0007_r_000000_0' done.
Aug 21, 2024 4:43:09 AM org.apache.hadoop.mapred.JobClient monitorAndPrintJob
INFO:  map 100% reduce 100%
Aug 21, 2024 4:43:09 AM org.apache.hadoop.mapred.JobClient monitorAndPrintJob
INFO: Job complete: job_local_0007
Aug 21, 2024 4:43:09 AM org.apache.hadoop.mapred.Counters log
INFO: Counters: 13
Aug 21, 2024 4:43:09 AM org.apache.hadoop.mapred.Counters log
INFO:   Map-Reduce Framework
Aug 21, 2024 4:43:09 AM org.apache.hadoop.mapred.Counters log
INFO:     Combine output records=0
Aug 21, 2024 4:43:09 AM org.apache.hadoop.mapred.Counters log
INFO:     Spilled Records=2162
Aug 21, 2024 4:43:09 AM org.apache.hadoop.mapred.Counters log
INFO:     Reduce input records=1081
Aug 21, 2024 4:43:09 AM org.apache.hadoop.mapred.Counters log
INFO:     Reduce output records=42
Aug 21, 2024 4:43:09 AM org.apache.hadoop.mapred.Counters log
INFO:     Map input records=200
Aug 21, 2024 4:43:09 AM org.apache.hadoop.mapred.Counters log
INFO:     Map output records=1081
Aug 21, 2024 4:43:09 AM org.apache.hadoop.mapred.Counters log
INFO:     Map output bytes=84872
Aug 21, 2024 4:43:09 AM org.apache.hadoop.mapred.Counters log
INFO:     Reduce shuffle bytes=0
Aug 21, 2024 4:43:09 AM org.apache.hadoop.mapred.Counters log
INFO:     Combine input records=0
Aug 21, 2024 4:43:09 AM org.apache.hadoop.mapred.Counters log
INFO:     Map input bytes=179274
Aug 21, 2024 4:43:09 AM org.apache.hadoop.mapred.Counters log
INFO:     Reduce input groups=565
Aug 21, 2024 4:43:09 AM org.apache.hadoop.mapred.Counters log
INFO:   FileSystemCounters
Aug 21, 2024 4:43:09 AM org.apache.hadoop.mapred.Counters log
INFO:     FILE_BYTES_WRITTEN=2322497
Aug 21, 2024 4:43:09 AM org.apache.hadoop.mapred.Counters log
INFO:     FILE_BYTES_READ=2993147
]]></system-err>
  </testcase>
  <testcase name="test300" classname="edu.uci.ics.fuzzyjoin.hadoop.test.FuzzyRSJoinTest" time="2.06">
    <system-out><![CDATA[Multi-Job started: Wed Aug 21 04:43:09 CEST 2024
FuzzyJoinDriver(RecordPairsBasic.phase1)
  Input Path:  {file:/home/clemgi/4IF/stage/fuzzy-join_vernica-join/fuzzyjoin-0.0.2/data/pub-small/records.dblp-000
                file:/home/clemgi/4IF/stage/fuzzy-join_vernica-join/fuzzyjoin-0.0.2/data/pub-small/records.csx-000
                file:/home/clemgi/4IF/stage/fuzzy-join_vernica-join/fuzzyjoin-0.0.2/data/pub-small/ridpairs-000}
  Output Path: file:/home/clemgi/4IF/stage/fuzzy-join_vernica-join/fuzzyjoin-0.0.2/data/pub-small/recordpairs.phase1-000
  Map Jobs:    2
  Reduce Jobs: 1
  Properties:  {fuzzyjoin.similarity.name=Jaccard
                fuzzyjoin.similarity.threshold=0.5
                fuzzyjoin.tokenizer=Word
                fuzzyjoin.tokens.package=Scalar
                fuzzyjoin.tokens.lengthstats=false
                fuzzyjoin.ridpairs.group.class=TokenIdentity
                fuzzyjoin.ridpairs.group.factor=1
                fuzzyjoin.data.tokens=
                fuzzyjoin.data.joinindex=}
Job started: Wed Aug 21 04:43:09 CEST 2024
Job ended: Wed Aug 21 04:43:10 CEST 2024
The job took 1.025 seconds.
FuzzyJoinDriver(RecordPairsBasic.phase2)
  Input Path:  {file:/home/clemgi/4IF/stage/fuzzy-join_vernica-join/fuzzyjoin-0.0.2/data/pub-small/recordpairs.phase1-000}
  Output Path: file:/home/clemgi/4IF/stage/fuzzy-join_vernica-join/fuzzyjoin-0.0.2/data/pub-small/recordpairs-000
  Map Jobs:    2
  Reduce Jobs: 1
  Properties:  {fuzzyjoin.similarity.name=Jaccard
                fuzzyjoin.similarity.threshold=0.5
                fuzzyjoin.tokenizer=Word
                fuzzyjoin.tokens.package=Scalar
                fuzzyjoin.tokens.lengthstats=false
                fuzzyjoin.ridpairs.group.class=TokenIdentity
                fuzzyjoin.ridpairs.group.factor=1
                fuzzyjoin.data.tokens=
                fuzzyjoin.data.joinindex=}
Job started: Wed Aug 21 04:43:10 CEST 2024
Job ended: Wed Aug 21 04:43:11 CEST 2024
The job took 1.024 seconds.
Multi-Job ended: Wed Aug 21 04:43:11 CEST 2024
The multi-job took 2.049 seconds.
]]></system-out>
    <system-err><![CDATA[Aug 21, 2024 4:43:09 AM org.apache.hadoop.metrics.jvm.JvmMetrics init
INFO: Cannot initialize JVM Metrics with processName=JobTracker, sessionId= - already initialized
Aug 21, 2024 4:43:09 AM org.apache.hadoop.mapred.JobClient configureCommandLineOptions
WARNING: No job jar file set.  User classes may not be found. See JobConf(Class) or JobConf#setJar(String).
Aug 21, 2024 4:43:09 AM org.apache.hadoop.mapred.FileInputFormat listStatus
INFO: Total input paths to process : 3
Aug 21, 2024 4:43:09 AM org.apache.hadoop.mapred.JobClient monitorAndPrintJob
INFO: Running job: job_local_0008
Aug 21, 2024 4:43:09 AM org.apache.hadoop.mapred.FileInputFormat listStatus
INFO: Total input paths to process : 3
Aug 21, 2024 4:43:09 AM org.apache.hadoop.mapred.MapTask runOldMapper
INFO: numReduceTasks: 1
Aug 21, 2024 4:43:09 AM org.apache.hadoop.mapred.MapTask$MapOutputBuffer <init>
INFO: io.sort.mb = 100
Aug 21, 2024 4:43:09 AM org.apache.hadoop.mapred.MapTask$MapOutputBuffer <init>
INFO: data buffer = 79691776/99614720
Aug 21, 2024 4:43:09 AM org.apache.hadoop.mapred.MapTask$MapOutputBuffer <init>
INFO: record buffer = 262144/327680
Aug 21, 2024 4:43:09 AM org.apache.hadoop.mapred.MapTask$MapOutputBuffer flush
INFO: Starting flush of map output
Aug 21, 2024 4:43:09 AM org.apache.hadoop.mapred.MapTask$MapOutputBuffer sortAndSpill
INFO: Finished spill 0
Aug 21, 2024 4:43:09 AM org.apache.hadoop.mapred.Task done
INFO: Task:attempt_local_0008_m_000000_0 is done. And is in the process of commiting
Aug 21, 2024 4:43:09 AM org.apache.hadoop.mapred.LocalJobRunner$Job statusUpdate
INFO: file:/home/clemgi/4IF/stage/fuzzy-join_vernica-join/fuzzyjoin-0.0.2/data/pub-small/records.dblp-000/part-00000:0+36687
Aug 21, 2024 4:43:09 AM org.apache.hadoop.mapred.Task sendDone
INFO: Task 'attempt_local_0008_m_000000_0' done.
Aug 21, 2024 4:43:09 AM org.apache.hadoop.mapred.MapTask runOldMapper
INFO: numReduceTasks: 1
Aug 21, 2024 4:43:09 AM org.apache.hadoop.mapred.MapTask$MapOutputBuffer <init>
INFO: io.sort.mb = 100
Aug 21, 2024 4:43:09 AM org.apache.hadoop.mapred.MapTask$MapOutputBuffer <init>
INFO: data buffer = 79691776/99614720
Aug 21, 2024 4:43:09 AM org.apache.hadoop.mapred.MapTask$MapOutputBuffer <init>
INFO: record buffer = 262144/327680
Aug 21, 2024 4:43:09 AM org.apache.hadoop.mapred.MapTask$MapOutputBuffer flush
INFO: Starting flush of map output
Aug 21, 2024 4:43:09 AM org.apache.hadoop.mapred.MapTask$MapOutputBuffer sortAndSpill
INFO: Finished spill 0
Aug 21, 2024 4:43:09 AM org.apache.hadoop.mapred.Task done
INFO: Task:attempt_local_0008_m_000001_0 is done. And is in the process of commiting
Aug 21, 2024 4:43:09 AM org.apache.hadoop.mapred.LocalJobRunner$Job statusUpdate
INFO: file:/home/clemgi/4IF/stage/fuzzy-join_vernica-join/fuzzyjoin-0.0.2/data/pub-small/records.csx-000/part-00000:0+142587
Aug 21, 2024 4:43:09 AM org.apache.hadoop.mapred.Task sendDone
INFO: Task 'attempt_local_0008_m_000001_0' done.
Aug 21, 2024 4:43:09 AM org.apache.hadoop.mapred.MapTask runOldMapper
INFO: numReduceTasks: 1
Aug 21, 2024 4:43:09 AM org.apache.hadoop.mapred.MapTask$MapOutputBuffer <init>
INFO: io.sort.mb = 100
Aug 21, 2024 4:43:09 AM org.apache.hadoop.mapred.MapTask$MapOutputBuffer <init>
INFO: data buffer = 79691776/99614720
Aug 21, 2024 4:43:09 AM org.apache.hadoop.mapred.MapTask$MapOutputBuffer <init>
INFO: record buffer = 262144/327680
Aug 21, 2024 4:43:09 AM org.apache.hadoop.mapred.MapTask$MapOutputBuffer flush
INFO: Starting flush of map output
Aug 21, 2024 4:43:09 AM org.apache.hadoop.mapred.MapTask$MapOutputBuffer sortAndSpill
INFO: Finished spill 0
Aug 21, 2024 4:43:09 AM org.apache.hadoop.mapred.Task done
INFO: Task:attempt_local_0008_m_000002_0 is done. And is in the process of commiting
Aug 21, 2024 4:43:09 AM org.apache.hadoop.mapred.LocalJobRunner$Job statusUpdate
INFO: file:/home/clemgi/4IF/stage/fuzzy-join_vernica-join/fuzzyjoin-0.0.2/data/pub-small/ridpairs-000/part-00000:0+501
Aug 21, 2024 4:43:09 AM org.apache.hadoop.mapred.Task sendDone
INFO: Task 'attempt_local_0008_m_000002_0' done.
Aug 21, 2024 4:43:09 AM org.apache.hadoop.mapred.LocalJobRunner$Job statusUpdate
INFO: 
Aug 21, 2024 4:43:09 AM org.apache.hadoop.mapred.Merger$MergeQueue merge
INFO: Merging 3 sorted segments
Aug 21, 2024 4:43:09 AM org.apache.hadoop.mapred.Merger$MergeQueue merge
INFO: Down to the last merge-pass, with 3 segments left of total size: 184682 bytes
Aug 21, 2024 4:43:09 AM org.apache.hadoop.mapred.LocalJobRunner$Job statusUpdate
INFO: 
Aug 21, 2024 4:43:09 AM org.apache.hadoop.mapred.Task done
INFO: Task:attempt_local_0008_r_000000_0 is done. And is in the process of commiting
Aug 21, 2024 4:43:09 AM org.apache.hadoop.mapred.LocalJobRunner$Job statusUpdate
INFO: 
Aug 21, 2024 4:43:09 AM org.apache.hadoop.mapred.Task commit
INFO: Task attempt_local_0008_r_000000_0 is allowed to commit now
Aug 21, 2024 4:43:09 AM org.apache.hadoop.mapred.FileOutputCommitter commitTask
INFO: Saved output of task 'attempt_local_0008_r_000000_0' to file:/home/clemgi/4IF/stage/fuzzy-join_vernica-join/fuzzyjoin-0.0.2/data/pub-small/recordpairs.phase1-000
Aug 21, 2024 4:43:09 AM org.apache.hadoop.mapred.LocalJobRunner$Job statusUpdate
INFO: reduce > reduce
Aug 21, 2024 4:43:09 AM org.apache.hadoop.mapred.Task sendDone
INFO: Task 'attempt_local_0008_r_000000_0' done.
Aug 21, 2024 4:43:10 AM org.apache.hadoop.mapred.JobClient monitorAndPrintJob
INFO:  map 100% reduce 100%
Aug 21, 2024 4:43:10 AM org.apache.hadoop.mapred.JobClient monitorAndPrintJob
INFO: Job complete: job_local_0008
Aug 21, 2024 4:43:10 AM org.apache.hadoop.mapred.Counters log
INFO: Counters: 13
Aug 21, 2024 4:43:10 AM org.apache.hadoop.mapred.Counters log
INFO:   Map-Reduce Framework
Aug 21, 2024 4:43:10 AM org.apache.hadoop.mapred.Counters log
INFO:     Combine output records=0
Aug 21, 2024 4:43:10 AM org.apache.hadoop.mapred.Counters log
INFO:     Spilled Records=568
Aug 21, 2024 4:43:10 AM org.apache.hadoop.mapred.Counters log
INFO:     Reduce input records=284
Aug 21, 2024 4:43:10 AM org.apache.hadoop.mapred.Counters log
INFO:     Reduce output records=12
Aug 21, 2024 4:43:10 AM org.apache.hadoop.mapred.Counters log
INFO:     Map input records=242
Aug 21, 2024 4:43:10 AM org.apache.hadoop.mapred.Counters log
INFO:     Map output records=284
Aug 21, 2024 4:43:10 AM org.apache.hadoop.mapred.Counters log
INFO:     Map output bytes=183788
Aug 21, 2024 4:43:10 AM org.apache.hadoop.mapred.Counters log
INFO:     Reduce shuffle bytes=0
Aug 21, 2024 4:43:10 AM org.apache.hadoop.mapred.Counters log
INFO:     Combine input records=0
Aug 21, 2024 4:43:10 AM org.apache.hadoop.mapred.Counters log
INFO:     Map input bytes=179775
Aug 21, 2024 4:43:10 AM org.apache.hadoop.mapred.Counters log
INFO:     Reduce input groups=200
Aug 21, 2024 4:43:10 AM org.apache.hadoop.mapred.Counters log
INFO:   FileSystemCounters
Aug 21, 2024 4:43:10 AM org.apache.hadoop.mapred.Counters log
INFO:     FILE_BYTES_WRITTEN=3858644
Aug 21, 2024 4:43:10 AM org.apache.hadoop.mapred.Counters log
INFO:     FILE_BYTES_READ=5237109
Aug 21, 2024 4:43:10 AM org.apache.hadoop.metrics.jvm.JvmMetrics init
INFO: Cannot initialize JVM Metrics with processName=JobTracker, sessionId= - already initialized
Aug 21, 2024 4:43:10 AM org.apache.hadoop.mapred.JobClient configureCommandLineOptions
WARNING: No job jar file set.  User classes may not be found. See JobConf(Class) or JobConf#setJar(String).
Aug 21, 2024 4:43:10 AM org.apache.hadoop.mapred.FileInputFormat listStatus
INFO: Total input paths to process : 1
Aug 21, 2024 4:43:10 AM org.apache.hadoop.mapred.JobClient monitorAndPrintJob
INFO: Running job: job_local_0009
Aug 21, 2024 4:43:10 AM org.apache.hadoop.mapred.FileInputFormat listStatus
INFO: Total input paths to process : 1
Aug 21, 2024 4:43:10 AM org.apache.hadoop.mapred.MapTask runOldMapper
INFO: numReduceTasks: 1
Aug 21, 2024 4:43:10 AM org.apache.hadoop.mapred.MapTask$MapOutputBuffer <init>
INFO: io.sort.mb = 100
Aug 21, 2024 4:43:10 AM org.apache.hadoop.mapred.MapTask$MapOutputBuffer <init>
INFO: data buffer = 79691776/99614720
Aug 21, 2024 4:43:10 AM org.apache.hadoop.mapred.MapTask$MapOutputBuffer <init>
INFO: record buffer = 262144/327680
Aug 21, 2024 4:43:10 AM org.apache.hadoop.mapred.MapTask$MapOutputBuffer flush
INFO: Starting flush of map output
Aug 21, 2024 4:43:10 AM org.apache.hadoop.mapred.MapTask$MapOutputBuffer sortAndSpill
INFO: Finished spill 0
Aug 21, 2024 4:43:10 AM org.apache.hadoop.mapred.Task done
INFO: Task:attempt_local_0009_m_000000_0 is done. And is in the process of commiting
Aug 21, 2024 4:43:10 AM org.apache.hadoop.mapred.LocalJobRunner$Job statusUpdate
INFO: file:/home/clemgi/4IF/stage/fuzzy-join_vernica-join/fuzzyjoin-0.0.2/data/pub-small/recordpairs.phase1-000/part-00000:0+17097
Aug 21, 2024 4:43:10 AM org.apache.hadoop.mapred.Task sendDone
INFO: Task 'attempt_local_0009_m_000000_0' done.
Aug 21, 2024 4:43:10 AM org.apache.hadoop.mapred.LocalJobRunner$Job statusUpdate
INFO: 
Aug 21, 2024 4:43:10 AM org.apache.hadoop.mapred.Merger$MergeQueue merge
INFO: Merging 1 sorted segments
Aug 21, 2024 4:43:10 AM org.apache.hadoop.mapred.Merger$MergeQueue merge
INFO: Down to the last merge-pass, with 1 segments left of total size: 16847 bytes
Aug 21, 2024 4:43:10 AM org.apache.hadoop.mapred.LocalJobRunner$Job statusUpdate
INFO: 
Aug 21, 2024 4:43:10 AM org.apache.hadoop.mapred.Task done
INFO: Task:attempt_local_0009_r_000000_0 is done. And is in the process of commiting
Aug 21, 2024 4:43:10 AM org.apache.hadoop.mapred.LocalJobRunner$Job statusUpdate
INFO: 
Aug 21, 2024 4:43:10 AM org.apache.hadoop.mapred.Task commit
INFO: Task attempt_local_0009_r_000000_0 is allowed to commit now
Aug 21, 2024 4:43:10 AM org.apache.hadoop.mapred.FileOutputCommitter commitTask
INFO: Saved output of task 'attempt_local_0009_r_000000_0' to file:/home/clemgi/4IF/stage/fuzzy-join_vernica-join/fuzzyjoin-0.0.2/data/pub-small/recordpairs-000
Aug 21, 2024 4:43:10 AM org.apache.hadoop.mapred.LocalJobRunner$Job statusUpdate
INFO: reduce > reduce
Aug 21, 2024 4:43:10 AM org.apache.hadoop.mapred.Task sendDone
INFO: Task 'attempt_local_0009_r_000000_0' done.
Aug 21, 2024 4:43:11 AM org.apache.hadoop.mapred.JobClient monitorAndPrintJob
INFO:  map 100% reduce 100%
Aug 21, 2024 4:43:11 AM org.apache.hadoop.mapred.JobClient monitorAndPrintJob
INFO: Job complete: job_local_0009
Aug 21, 2024 4:43:11 AM org.apache.hadoop.mapred.Counters log
INFO: Counters: 13
Aug 21, 2024 4:43:11 AM org.apache.hadoop.mapred.Counters log
INFO:   Map-Reduce Framework
Aug 21, 2024 4:43:11 AM org.apache.hadoop.mapred.Counters log
INFO:     Combine output records=0
Aug 21, 2024 4:43:11 AM org.apache.hadoop.mapred.Counters log
INFO:     Spilled Records=24
Aug 21, 2024 4:43:11 AM org.apache.hadoop.mapred.Counters log
INFO:     Reduce input records=12
Aug 21, 2024 4:43:11 AM org.apache.hadoop.mapred.Counters log
INFO:     Reduce output records=6
Aug 21, 2024 4:43:11 AM org.apache.hadoop.mapred.Counters log
INFO:     Map input records=12
Aug 21, 2024 4:43:11 AM org.apache.hadoop.mapred.Counters log
INFO:     Map output records=12
Aug 21, 2024 4:43:11 AM org.apache.hadoop.mapred.Counters log
INFO:     Map output bytes=16802
Aug 21, 2024 4:43:11 AM org.apache.hadoop.mapred.Counters log
INFO:     Reduce shuffle bytes=0
Aug 21, 2024 4:43:11 AM org.apache.hadoop.mapred.Counters log
INFO:     Combine input records=0
Aug 21, 2024 4:43:11 AM org.apache.hadoop.mapred.Counters log
INFO:     Map input bytes=16998
Aug 21, 2024 4:43:11 AM org.apache.hadoop.mapred.Counters log
INFO:     Reduce input groups=6
Aug 21, 2024 4:43:11 AM org.apache.hadoop.mapred.Counters log
INFO:   FileSystemCounters
Aug 21, 2024 4:43:11 AM org.apache.hadoop.mapred.Counters log
INFO:     FILE_BYTES_WRITTEN=2137165
Aug 21, 2024 4:43:11 AM org.apache.hadoop.mapred.Counters log
INFO:     FILE_BYTES_READ=3047209
]]></system-err>
  </testcase>
  <testcase name="test310" classname="edu.uci.ics.fuzzyjoin.hadoop.test.FuzzyRSJoinTest" time="1.034">
    <system-out><![CDATA[FuzzyJoinDriver(RecordPairsImproved)
  Input Path:  {file:/home/clemgi/4IF/stage/fuzzy-join_vernica-join/fuzzyjoin-0.0.2/data/pub-small/records.dblp-000
                file:/home/clemgi/4IF/stage/fuzzy-join_vernica-join/fuzzyjoin-0.0.2/data/pub-small/records.csx-000}
  Output Path: file:/home/clemgi/4IF/stage/fuzzy-join_vernica-join/fuzzyjoin-0.0.2/data/pub-small/recordpairs-000
  Map Jobs:    2
  Reduce Jobs: 1
  Properties:  {fuzzyjoin.similarity.name=Jaccard
                fuzzyjoin.similarity.threshold=0.5
                fuzzyjoin.tokenizer=Word
                fuzzyjoin.tokens.package=Scalar
                fuzzyjoin.tokens.lengthstats=false
                fuzzyjoin.ridpairs.group.class=TokenIdentity
                fuzzyjoin.ridpairs.group.factor=1
                fuzzyjoin.data.tokens=
                fuzzyjoin.data.joinindex=../data/pub-small/ridpairs-000/part-00000}
Job started: Wed Aug 21 04:43:11 CEST 2024
Job ended: Wed Aug 21 04:43:12 CEST 2024
The job took 1.027 seconds.
]]></system-out>
    <system-err><![CDATA[Aug 21, 2024 4:43:11 AM org.apache.hadoop.metrics.jvm.JvmMetrics init
INFO: Cannot initialize JVM Metrics with processName=JobTracker, sessionId= - already initialized
Aug 21, 2024 4:43:11 AM org.apache.hadoop.mapred.JobClient configureCommandLineOptions
WARNING: No job jar file set.  User classes may not be found. See JobConf(Class) or JobConf#setJar(String).
Aug 21, 2024 4:43:11 AM org.apache.hadoop.mapred.FileInputFormat listStatus
INFO: Total input paths to process : 2
Aug 21, 2024 4:43:11 AM org.apache.hadoop.mapred.JobClient monitorAndPrintJob
INFO: Running job: job_local_0010
Aug 21, 2024 4:43:11 AM org.apache.hadoop.mapred.FileInputFormat listStatus
INFO: Total input paths to process : 2
Aug 21, 2024 4:43:11 AM org.apache.hadoop.mapred.MapTask runOldMapper
INFO: numReduceTasks: 1
Aug 21, 2024 4:43:11 AM org.apache.hadoop.mapred.MapTask$MapOutputBuffer <init>
INFO: io.sort.mb = 100
Aug 21, 2024 4:43:11 AM org.apache.hadoop.mapred.MapTask$MapOutputBuffer <init>
INFO: data buffer = 79691776/99614720
Aug 21, 2024 4:43:11 AM org.apache.hadoop.mapred.MapTask$MapOutputBuffer <init>
INFO: record buffer = 262144/327680
Aug 21, 2024 4:43:11 AM edu.uci.ics.fuzzyjoin.hadoop.recordpairs.MapBroadcastJoin configure
INFO: Configure START
Aug 21, 2024 4:43:11 AM edu.uci.ics.fuzzyjoin.hadoop.recordpairs.MapBroadcastJoin configure
INFO: Configure END
Aug 21, 2024 4:43:11 AM org.apache.hadoop.mapred.MapTask$MapOutputBuffer flush
INFO: Starting flush of map output
Aug 21, 2024 4:43:11 AM org.apache.hadoop.mapred.MapTask$MapOutputBuffer sortAndSpill
INFO: Finished spill 0
Aug 21, 2024 4:43:11 AM org.apache.hadoop.mapred.Task done
INFO: Task:attempt_local_0010_m_000000_0 is done. And is in the process of commiting
Aug 21, 2024 4:43:11 AM org.apache.hadoop.mapred.LocalJobRunner$Job statusUpdate
INFO: file:/home/clemgi/4IF/stage/fuzzy-join_vernica-join/fuzzyjoin-0.0.2/data/pub-small/records.dblp-000/part-00000:0+36687
Aug 21, 2024 4:43:11 AM org.apache.hadoop.mapred.Task sendDone
INFO: Task 'attempt_local_0010_m_000000_0' done.
Aug 21, 2024 4:43:11 AM org.apache.hadoop.mapred.MapTask runOldMapper
INFO: numReduceTasks: 1
Aug 21, 2024 4:43:11 AM org.apache.hadoop.mapred.MapTask$MapOutputBuffer <init>
INFO: io.sort.mb = 100
Aug 21, 2024 4:43:11 AM org.apache.hadoop.mapred.MapTask$MapOutputBuffer <init>
INFO: data buffer = 79691776/99614720
Aug 21, 2024 4:43:11 AM org.apache.hadoop.mapred.MapTask$MapOutputBuffer <init>
INFO: record buffer = 262144/327680
Aug 21, 2024 4:43:11 AM edu.uci.ics.fuzzyjoin.hadoop.recordpairs.MapBroadcastJoin configure
INFO: Configure START
Aug 21, 2024 4:43:11 AM edu.uci.ics.fuzzyjoin.hadoop.recordpairs.MapBroadcastJoin configure
INFO: Configure END
Aug 21, 2024 4:43:11 AM org.apache.hadoop.mapred.MapTask$MapOutputBuffer flush
INFO: Starting flush of map output
Aug 21, 2024 4:43:11 AM org.apache.hadoop.mapred.MapTask$MapOutputBuffer sortAndSpill
INFO: Finished spill 0
Aug 21, 2024 4:43:11 AM org.apache.hadoop.mapred.Task done
INFO: Task:attempt_local_0010_m_000001_0 is done. And is in the process of commiting
Aug 21, 2024 4:43:11 AM org.apache.hadoop.mapred.LocalJobRunner$Job statusUpdate
INFO: file:/home/clemgi/4IF/stage/fuzzy-join_vernica-join/fuzzyjoin-0.0.2/data/pub-small/records.csx-000/part-00000:0+142587
Aug 21, 2024 4:43:11 AM org.apache.hadoop.mapred.Task sendDone
INFO: Task 'attempt_local_0010_m_000001_0' done.
Aug 21, 2024 4:43:11 AM org.apache.hadoop.mapred.LocalJobRunner$Job statusUpdate
INFO: 
Aug 21, 2024 4:43:11 AM org.apache.hadoop.mapred.Merger$MergeQueue merge
INFO: Merging 2 sorted segments
Aug 21, 2024 4:43:11 AM org.apache.hadoop.mapred.Merger$MergeQueue merge
INFO: Down to the last merge-pass, with 2 segments left of total size: 111579 bytes
Aug 21, 2024 4:43:11 AM org.apache.hadoop.mapred.LocalJobRunner$Job statusUpdate
INFO: 
Aug 21, 2024 4:43:11 AM org.apache.hadoop.mapred.Task done
INFO: Task:attempt_local_0010_r_000000_0 is done. And is in the process of commiting
Aug 21, 2024 4:43:11 AM org.apache.hadoop.mapred.LocalJobRunner$Job statusUpdate
INFO: 
Aug 21, 2024 4:43:11 AM org.apache.hadoop.mapred.Task commit
INFO: Task attempt_local_0010_r_000000_0 is allowed to commit now
Aug 21, 2024 4:43:11 AM org.apache.hadoop.mapred.FileOutputCommitter commitTask
INFO: Saved output of task 'attempt_local_0010_r_000000_0' to file:/home/clemgi/4IF/stage/fuzzy-join_vernica-join/fuzzyjoin-0.0.2/data/pub-small/recordpairs-000
Aug 21, 2024 4:43:11 AM org.apache.hadoop.mapred.LocalJobRunner$Job statusUpdate
INFO: reduce > reduce
Aug 21, 2024 4:43:11 AM org.apache.hadoop.mapred.Task sendDone
INFO: Task 'attempt_local_0010_r_000000_0' done.
Aug 21, 2024 4:43:12 AM org.apache.hadoop.mapred.JobClient monitorAndPrintJob
INFO:  map 100% reduce 100%
Aug 21, 2024 4:43:12 AM org.apache.hadoop.mapred.JobClient monitorAndPrintJob
INFO: Job complete: job_local_0010
Aug 21, 2024 4:43:12 AM org.apache.hadoop.mapred.Counters log
INFO: Counters: 13
Aug 21, 2024 4:43:12 AM org.apache.hadoop.mapred.Counters log
INFO:   Map-Reduce Framework
Aug 21, 2024 4:43:12 AM org.apache.hadoop.mapred.Counters log
INFO:     Combine output records=0
Aug 21, 2024 4:43:12 AM org.apache.hadoop.mapred.Counters log
INFO:     Spilled Records=168
Aug 21, 2024 4:43:12 AM org.apache.hadoop.mapred.Counters log
INFO:     Reduce input records=48
Aug 21, 2024 4:43:12 AM org.apache.hadoop.mapred.Counters log
INFO:     Reduce output records=6
Aug 21, 2024 4:43:12 AM org.apache.hadoop.mapred.Counters log
INFO:     Map input records=200
Aug 21, 2024 4:43:12 AM org.apache.hadoop.mapred.Counters log
INFO:     Map output records=84
Aug 21, 2024 4:43:12 AM org.apache.hadoop.mapred.Counters log
INFO:     Map output bytes=111270
Aug 21, 2024 4:43:12 AM org.apache.hadoop.mapred.Counters log
INFO:     Reduce shuffle bytes=0
Aug 21, 2024 4:43:12 AM org.apache.hadoop.mapred.Counters log
INFO:     Combine input records=0
Aug 21, 2024 4:43:12 AM org.apache.hadoop.mapred.Counters log
INFO:     Map input bytes=179274
Aug 21, 2024 4:43:12 AM org.apache.hadoop.mapred.Counters log
INFO:     Reduce input groups=6
Aug 21, 2024 4:43:12 AM org.apache.hadoop.mapred.Counters log
INFO:   FileSystemCounters
Aug 21, 2024 4:43:12 AM org.apache.hadoop.mapred.Counters log
INFO:     FILE_BYTES_WRITTEN=3571645
Aug 21, 2024 4:43:12 AM org.apache.hadoop.mapred.Counters log
INFO:     FILE_BYTES_READ=5149314
]]></system-err>
  </testcase>
  <testcase name="test010" classname="edu.uci.ics.fuzzyjoin.hadoop.test.FuzzyRSJoinTest" time="2.061">
    <system-out><![CDATA[[-Dfuzzyjoin.data.dir=../data/pub-small, -Dfuzzyjoin.record.data=2,3, -Dfuzzyjoin.record.data1=2,3, -Dfuzzyjoin.similarity.threshold=0.5, -Dfuzzyjoin.data.suffix.input=dblp]
FuzzyJoinDriver(RecordBuild)
  Input Path:  {file:/home/clemgi/4IF/stage/fuzzy-join_vernica-join/fuzzyjoin-0.0.2/data/pub-small/raw.dblp-000/*}
  Output Path: file:/home/clemgi/4IF/stage/fuzzy-join_vernica-join/fuzzyjoin-0.0.2/data/pub-small/recordsbulk.dblp-000
  Map Jobs:    2
  Reduce Jobs: 0
  Properties:  {fuzzyjoin.similarity.name=Jaccard
                fuzzyjoin.similarity.threshold=0.5
                fuzzyjoin.tokenizer=Word
                fuzzyjoin.tokens.package=Scalar
                fuzzyjoin.tokens.lengthstats=false
                fuzzyjoin.ridpairs.group.class=TokenIdentity
                fuzzyjoin.ridpairs.group.factor=1
                fuzzyjoin.data.tokens=
                fuzzyjoin.data.joinindex=}
Job started: Wed Aug 21 04:43:12 CEST 2024
Job ended: Wed Aug 21 04:43:13 CEST 2024
The job took 1.028 seconds.
[-Dfuzzyjoin.data.dir=../data/pub-small, -Dfuzzyjoin.record.data=2,3, -Dfuzzyjoin.record.data1=2,3, -Dfuzzyjoin.similarity.threshold=0.5, -Dfuzzyjoin.data.suffix.input=csx]
FuzzyJoinDriver(RecordBuild)
  Input Path:  {file:/home/clemgi/4IF/stage/fuzzy-join_vernica-join/fuzzyjoin-0.0.2/data/pub-small/raw.csx-000/*}
  Output Path: file:/home/clemgi/4IF/stage/fuzzy-join_vernica-join/fuzzyjoin-0.0.2/data/pub-small/recordsbulk.csx-000
  Map Jobs:    2
  Reduce Jobs: 0
  Properties:  {fuzzyjoin.similarity.name=Jaccard
                fuzzyjoin.similarity.threshold=0.5
                fuzzyjoin.tokenizer=Word
                fuzzyjoin.tokens.package=Scalar
                fuzzyjoin.tokens.lengthstats=false
                fuzzyjoin.ridpairs.group.class=TokenIdentity
                fuzzyjoin.ridpairs.group.factor=1
                fuzzyjoin.data.tokens=
                fuzzyjoin.data.joinindex=}
Job started: Wed Aug 21 04:43:13 CEST 2024
Job ended: Wed Aug 21 04:43:14 CEST 2024
The job took 1.019 seconds.
]]></system-out>
    <system-err><![CDATA[Aug 21, 2024 4:43:12 AM org.apache.hadoop.metrics.jvm.JvmMetrics init
INFO: Cannot initialize JVM Metrics with processName=JobTracker, sessionId= - already initialized
Aug 21, 2024 4:43:12 AM org.apache.hadoop.mapred.JobClient configureCommandLineOptions
WARNING: No job jar file set.  User classes may not be found. See JobConf(Class) or JobConf#setJar(String).
Aug 21, 2024 4:43:12 AM org.apache.hadoop.mapred.FileInputFormat listStatus
INFO: Total input paths to process : 1
Aug 21, 2024 4:43:12 AM org.apache.hadoop.mapred.JobClient monitorAndPrintJob
INFO: Running job: job_local_0011
Aug 21, 2024 4:43:12 AM org.apache.hadoop.mapred.FileInputFormat listStatus
INFO: Total input paths to process : 1
Aug 21, 2024 4:43:12 AM org.apache.hadoop.mapred.MapTask runOldMapper
INFO: numReduceTasks: 0
Aug 21, 2024 4:43:12 AM org.apache.hadoop.mapred.Task done
INFO: Task:attempt_local_0011_m_000000_0 is done. And is in the process of commiting
Aug 21, 2024 4:43:12 AM org.apache.hadoop.mapred.LocalJobRunner$Job statusUpdate
INFO: 
Aug 21, 2024 4:43:12 AM org.apache.hadoop.mapred.Task commit
INFO: Task attempt_local_0011_m_000000_0 is allowed to commit now
Aug 21, 2024 4:43:12 AM org.apache.hadoop.mapred.FileOutputCommitter commitTask
INFO: Saved output of task 'attempt_local_0011_m_000000_0' to file:/home/clemgi/4IF/stage/fuzzy-join_vernica-join/fuzzyjoin-0.0.2/data/pub-small/recordsbulk.dblp-000
Aug 21, 2024 4:43:12 AM org.apache.hadoop.mapred.LocalJobRunner$Job statusUpdate
INFO: file:/home/clemgi/4IF/stage/fuzzy-join_vernica-join/fuzzyjoin-0.0.2/data/pub-small/raw.dblp-000/part-00000:0+36395
Aug 21, 2024 4:43:12 AM org.apache.hadoop.mapred.Task sendDone
INFO: Task 'attempt_local_0011_m_000000_0' done.
Aug 21, 2024 4:43:13 AM org.apache.hadoop.mapred.JobClient monitorAndPrintJob
INFO:  map 100% reduce 0%
Aug 21, 2024 4:43:13 AM org.apache.hadoop.mapred.JobClient monitorAndPrintJob
INFO: Job complete: job_local_0011
Aug 21, 2024 4:43:13 AM org.apache.hadoop.mapred.Counters log
INFO: Counters: 6
Aug 21, 2024 4:43:13 AM org.apache.hadoop.mapred.Counters log
INFO:   Map-Reduce Framework
Aug 21, 2024 4:43:13 AM org.apache.hadoop.mapred.Counters log
INFO:     Spilled Records=0
Aug 21, 2024 4:43:13 AM org.apache.hadoop.mapred.Counters log
INFO:     Map input records=100
Aug 21, 2024 4:43:13 AM org.apache.hadoop.mapred.Counters log
INFO:     Map output records=100
Aug 21, 2024 4:43:13 AM org.apache.hadoop.mapred.Counters log
INFO:     Map input bytes=36395
Aug 21, 2024 4:43:13 AM org.apache.hadoop.mapred.Counters log
INFO:   FileSystemCounters
Aug 21, 2024 4:43:13 AM org.apache.hadoop.mapred.Counters log
INFO:     FILE_BYTES_WRITTEN=1299490
Aug 21, 2024 4:43:13 AM org.apache.hadoop.mapred.Counters log
INFO:     FILE_BYTES_READ=1888542
Aug 21, 2024 4:43:13 AM org.apache.hadoop.metrics.jvm.JvmMetrics init
INFO: Cannot initialize JVM Metrics with processName=JobTracker, sessionId= - already initialized
Aug 21, 2024 4:43:13 AM org.apache.hadoop.mapred.JobClient configureCommandLineOptions
WARNING: No job jar file set.  User classes may not be found. See JobConf(Class) or JobConf#setJar(String).
Aug 21, 2024 4:43:13 AM org.apache.hadoop.mapred.FileInputFormat listStatus
INFO: Total input paths to process : 1
Aug 21, 2024 4:43:13 AM org.apache.hadoop.mapred.JobClient monitorAndPrintJob
INFO: Running job: job_local_0012
Aug 21, 2024 4:43:13 AM org.apache.hadoop.mapred.FileInputFormat listStatus
INFO: Total input paths to process : 1
Aug 21, 2024 4:43:13 AM org.apache.hadoop.mapred.MapTask runOldMapper
INFO: numReduceTasks: 0
Aug 21, 2024 4:43:13 AM org.apache.hadoop.mapred.Task done
INFO: Task:attempt_local_0012_m_000000_0 is done. And is in the process of commiting
Aug 21, 2024 4:43:13 AM org.apache.hadoop.mapred.LocalJobRunner$Job statusUpdate
INFO: 
Aug 21, 2024 4:43:13 AM org.apache.hadoop.mapred.Task commit
INFO: Task attempt_local_0012_m_000000_0 is allowed to commit now
Aug 21, 2024 4:43:13 AM org.apache.hadoop.mapred.FileOutputCommitter commitTask
INFO: Saved output of task 'attempt_local_0012_m_000000_0' to file:/home/clemgi/4IF/stage/fuzzy-join_vernica-join/fuzzyjoin-0.0.2/data/pub-small/recordsbulk.csx-000
Aug 21, 2024 4:43:13 AM org.apache.hadoop.mapred.LocalJobRunner$Job statusUpdate
INFO: file:/home/clemgi/4IF/stage/fuzzy-join_vernica-join/fuzzyjoin-0.0.2/data/pub-small/raw.csx-000/part-00000:0+142295
Aug 21, 2024 4:43:13 AM org.apache.hadoop.mapred.Task sendDone
INFO: Task 'attempt_local_0012_m_000000_0' done.
Aug 21, 2024 4:43:14 AM org.apache.hadoop.mapred.JobClient monitorAndPrintJob
INFO:  map 100% reduce 0%
Aug 21, 2024 4:43:14 AM org.apache.hadoop.mapred.JobClient monitorAndPrintJob
INFO: Job complete: job_local_0012
Aug 21, 2024 4:43:14 AM org.apache.hadoop.mapred.Counters log
INFO: Counters: 6
Aug 21, 2024 4:43:14 AM org.apache.hadoop.mapred.Counters log
INFO:   Map-Reduce Framework
Aug 21, 2024 4:43:14 AM org.apache.hadoop.mapred.Counters log
INFO:     Spilled Records=0
Aug 21, 2024 4:43:14 AM org.apache.hadoop.mapred.Counters log
INFO:     Map input records=100
Aug 21, 2024 4:43:14 AM org.apache.hadoop.mapred.Counters log
INFO:     Map output records=100
Aug 21, 2024 4:43:14 AM org.apache.hadoop.mapred.Counters log
INFO:     Map input bytes=142295
Aug 21, 2024 4:43:14 AM org.apache.hadoop.mapred.Counters log
INFO:   FileSystemCounters
Aug 21, 2024 4:43:14 AM org.apache.hadoop.mapred.Counters log
INFO:     FILE_BYTES_WRITTEN=1470576
Aug 21, 2024 4:43:14 AM org.apache.hadoop.mapred.Counters log
INFO:     FILE_BYTES_READ=2044248
]]></system-err>
  </testcase>
</testsuite>